**********************
PowerShell transcript start
Start time: 20251004155555
Username: Agasi\Agasi5
RunAs User: Agasi\Agasi5
Configuration Name: 
Machine: AGASI (Microsoft Windows NT 10.0.26100.0)
Host Application: C:\Program Files\PowerShell\7\pwsh.dll
Process ID: 29024
PSVersion: 7.5.3
PSEdition: Core
GitCommitId: 7.5.3
OS: Microsoft Windows 10.0.26100
Platform: Win32NT
PSCompatibleVersions: 1.0, 2.0, 3.0, 4.0, 5.0, 5.1, 6.0, 7.0
PSRemotingProtocolVersion: 2.3
SerializationVersion: 1.1.0.1
WSManStackVersion: 3.0
**********************
>> Transcript started: reports\logs\ghlog_auctions-pilot_20251004_155555.log
PS C:\c\ai-orchestrator>
(.venv) Stop-GhTranscript
**********************
PowerShell transcript end
End time: 20251004155612
**********************
