Sanitizing 84 file(s)...
Targeted sanitize count: 27
Sanitized: C:\CFH\frontend\src\utils\useAuth.ts
Sanitized: C:\CFH\frontend\src\utils\auction\auctionExportUtils.ts
Sanitized: C:\CFH\frontend\src\components\auction\AuctionAccessibilityWrapper.jsx
Sanitized: C:\CFH\frontend\src\components\auction\AuctionAccessibilityWrapper.tsx
Sanitized: C:\CFH\frontend\src\components\auction\AuctionIntelligenceDashboard.jsx
Sanitized: C:\CFH\frontend\src\components\auction\AuctionIntelligenceDashboard.tsx
Sanitized: C:\CFH\frontend\src\components\auction\AuctionItemListing.tsx
Sanitized: C:\CFH\frontend\src\components\auction\AuctionLiveBidTracker.jsx
Sanitized: C:\CFH\frontend\src\components\auction\AuctionLiveBidTracker.tsx
Sanitized: C:\CFH\frontend\src\components\auction\AuctionManagement.tsx
Sanitized: C:\CFH\frontend\src\components\auction\AuctionPremiumInsightsPanel.jsx
Sanitized: C:\CFH\frontend\src\components\auction\AuctionPremiumInsightsPanel.tsx
Sanitized: C:\CFH\frontend\src\components\auction\AuctionSEOHead.jsx
Sanitized: C:\CFH\frontend\src\components\auction\AuctionSEOHead.tsx
Sanitized: C:\CFH\frontend\src\components\auction\LiveAuctionStream.tsx
Sanitized: C:\CFH\frontend\src\components\auction\SellerBadgePanel.jsx
Sanitized: C:\CFH\frontend\src\components\auction\SellerBadgePanel.tsx
Sanitized: C:\CFH\frontend\src\components\admin\AdminAuctionOverview.jsx
Sanitized: C:\CFH\frontend\src\components\admin\AdminAuctionOverview.tsx
Unchanged: C:\CFH\frontend\src\components\auction\AuctionIntelligenceDashboard.jsx
Unchanged: C:\CFH\frontend\src\components\auction\AuctionIntelligenceDashboard.tsx
Unchanged: C:\CFH\frontend\src\components\auction\AuctionLiveBidTracker.jsx
Unchanged: C:\CFH\frontend\src\components\auction\AuctionLiveBidTracker.tsx
Unchanged: C:\CFH\frontend\src\components\auction\AuctionPremiumInsightsPanel.jsx
Unchanged: C:\CFH\frontend\src\components\auction\AuctionPremiumInsightsPanel.tsx
Unchanged: C:\CFH\frontend\src\components\auction\AuctionSEOHead.jsx
Unchanged: C:\CFH\frontend\src\components\auction\AuctionSEOHead.tsx
Rewrote minimal hook: C:\CFH\frontend\src\utils\useAuth.ts
