INFO:     Started server process [62936]
INFO:     Waiting for application startup.
INFO:     Application startup complete.
INFO:     Uvicorn running on http://127.0.0.1:8020 (Press CTRL+C to quit)
INFO:     127.0.0.1:64050 - "GET /healthz HTTP/1.1" 200 OK
INFO:     127.0.0.1:64050 - "GET /openapi.json HTTP/1.1" 200 OK
Traceback (most recent call last):
  File "<frozen runpy>", line 198, in _run_module_as_main
  File "<frozen runpy>", line 88, in _run_code
  File "C:\Users\Agasi5\AppData\Roaming\Python\Python313\site-packages\uvicorn\__main__.py", line 4, in <module>
    uvicorn.main()
    ~~~~~~~~~~~~^^
  File "C:\Users\Agasi5\AppData\Roaming\Python\Python313\site-packages\click\core.py", line 1442, in __call__
    return self.main(*args, **kwargs)
           ~~~~~~~~~^^^^^^^^^^^^^^^^^
  File "C:\Users\Agasi5\AppData\Roaming\Python\Python313\site-packages\click\core.py", line 1363, in main
    rv = self.invoke(ctx)
  File "C:\Users\Agasi5\AppData\Roaming\Python\Python313\site-packages\click\core.py", line 1226, in invoke
    return ctx.invoke(self.callback, **ctx.params)
           ~~~~~~~~~~^^^^^^^^^^^^^^^^^^^^^^^^^^^^^
  File "C:\Users\Agasi5\AppData\Roaming\Python\Python313\site-packages\click\core.py", line 794, in invoke
    return callback(*args, **kwargs)
  File "C:\Users\Agasi5\AppData\Roaming\Python\Python313\site-packages\uvicorn\main.py", line 413, in main
    run(
    ~~~^
        app,
        ^^^^
    ...<45 lines>...
        h11_max_incomplete_event_size=h11_max_incomplete_event_size,
        ^^^^^^^^^^^^^^^^^^^^^^^^^^^^^^^^^^^^^^^^^^^^^^^^^^^^^^^^^^^^
    )
    ^
  File "C:\Users\Agasi5\AppData\Roaming\Python\Python313\site-packages\uvicorn\main.py", line 580, in run
    server.run()
    ~~~~~~~~~~^^
  File "C:\Users\Agasi5\AppData\Roaming\Python\Python313\site-packages\uvicorn\server.py", line 67, in run
    return asyncio.run(self.serve(sockets=sockets))
           ~~~~~~~~~~~^^^^^^^^^^^^^^^^^^^^^^^^^^^^^
  File "C:\Python313\Lib\asyncio\runners.py", line 194, in run
    return runner.run(main)
           ~~~~~~~~~~^^^^^^
  File "C:\Python313\Lib\asyncio\runners.py", line 118, in run
    return self._loop.run_until_complete(task)
           ~~~~~~~~~~~~~~~~~~~~~~~~~~~~~^^^^^^
  File "C:\Python313\Lib\asyncio\base_events.py", line 720, in run_until_complete
    return future.result()
           ~~~~~~~~~~~~~^^
  File "C:\Users\Agasi5\AppData\Roaming\Python\Python313\site-packages\uvicorn\server.py", line 71, in serve
    await self._serve(sockets)
  File "C:\Users\Agasi5\AppData\Roaming\Python\Python313\site-packages\uvicorn\server.py", line 78, in _serve
    config.load()
    ~~~~~~~~~~~^^
  File "C:\Users\Agasi5\AppData\Roaming\Python\Python313\site-packages\uvicorn\config.py", line 436, in load
    self.loaded_app = import_from_string(self.app)
                      ~~~~~~~~~~~~~~~~~~^^^^^^^^^^
  File "C:\Users\Agasi5\AppData\Roaming\Python\Python313\site-packages\uvicorn\importer.py", line 19, in import_from_string
    module = importlib.import_module(module_str)
  File "C:\Python313\Lib\importlib\__init__.py", line 88, in import_module
    return _bootstrap._gcd_import(name[level:], package, level)
           ~~~~~~~~~~~~~~~~~~~~~~^^^^^^^^^^^^^^^^^^^^^^^^^^^^^^
  File "<frozen importlib._bootstrap>", line 1387, in _gcd_import
  File "<frozen importlib._bootstrap>", line 1360, in _find_and_load
  File "<frozen importlib._bootstrap>", line 1331, in _find_and_load_unlocked
  File "<frozen importlib._bootstrap>", line 935, in _load_unlocked
  File "<frozen importlib._bootstrap_external>", line 1026, in exec_module
  File "<frozen importlib._bootstrap>", line 488, in _call_with_frames_removed
  File "C:\c\ai-orchestrator\app\main.py", line 3, in <module>
    from api.routes import router as api_router
  File "C:\c\ai-orchestrator\api\routes.py", line 1
    $routes = @'
               ^
SyntaxError: unterminated string literal (detected at line 1)
INFO:     Started server process [61584]
INFO:     Waiting for application startup.
INFO:     Application startup complete.
INFO:     Uvicorn running on http://127.0.0.1:8020 (Press CTRL+C to quit)
INFO:     127.0.0.1:51364 - "GET /health HTTP/1.1" 200 OK
INFO:     127.0.0.1:51364 - "GET /healthz HTTP/1.1" 200 OK
2025-08-27 22:35:37,521 - INFO - Starting fetch_candidates for run_id 553f85bc
2025-08-27 22:35:37,522 - INFO - Using path prefix filter(s): ['frontend/', 'backend/']
2025-08-27 22:35:37,522 - INFO - Scanning root directory: C:\Backup_Projects\CFH\frontend
2025-08-27 22:35:37,949 - INFO - Listing repos for user carfinancinghub on github
2025-08-27 22:35:40,992 - INFO - Found repo cfh with branches ['converting', 'main']
2025-08-27 22:35:42,825 - INFO - Found repo converting with branches ['main']
2025-08-27 22:35:44,565 - INFO - Found repo my-project-migration with branches ['main']
2025-08-27 22:35:44,565 - INFO - Completed repo listing in 6.62s
2025-08-27 22:35:44,568 - INFO - Restricting scan to branches: ['main']
2025-08-27 22:35:44,569 - INFO - Scanning repo cfh
2025-08-27 22:36:49,179 - WARNING - Timeout scanning cfh after 60s
2025-08-27 22:36:49,180 - INFO - Scanned repo cfh in 64.61s
2025-08-27 22:36:49,180 - INFO - Scanning repo converting
2025-08-27 22:36:51,238 - INFO - Scanned repo converting in 2.06s
2025-08-27 22:36:51,239 - INFO - Scanning repo my-project-migration
2025-08-27 22:37:17,032 - INFO - Scanned repo my-project-migration in 25.79s
2025-08-27 22:37:17,074 - INFO - Saved inventory cache to reports\inventory_cache_553f85bc.json
2025-08-27 22:37:17,074 - INFO - Completed fetch_candidates in 99.55s
2025-08-27 22:37:17,076 - INFO - Starting process_batch for run_id 553f85bc
2025-08-27 22:37:17,077 - INFO - Generating error summary for run_id 553f85bc
2025-08-27 22:37:17,077 - INFO - Completed process_batch for run_id 553f85bc
INFO:     127.0.0.1:51388 - "POST /run-one HTTP/1.1" 200 OK
INFO:     127.0.0.1:51519 - "GET /healthz HTTP/1.1" 200 OK
INFO:     127.0.0.1:51522 - "POST /run-one?branches=main&org=carfinancinghub&batch_limit=100&root=C%3A%5CBackup_Projects%5CCFH%5Cfrontend&prompt_key=convert&tier=wow&platform=github HTTP/1.1" 422 Unprocessable Content
INFO:     Started server process [30092]
INFO:     Waiting for application startup.
INFO:     Application startup complete.
INFO:     Uvicorn running on http://127.0.0.1:8020 (Press CTRL+C to quit)
INFO:     127.0.0.1:64777 - "GET /healthz HTTP/1.1" 200 OK
2025-08-27 23:10:34,596 - INFO - Starting fetch_candidates for run_id e74e64b3
2025-08-27 23:10:34,596 - INFO - Using path prefix filter(s): ['frontend/', 'backend/']
2025-08-27 23:10:34,596 - INFO - Scanning root directory: C:\Backup_Projects\CFH\frontend
2025-08-27 23:10:35,039 - INFO - Listing repos for user carfinancinghub on github
2025-08-27 23:10:38,438 - INFO - Found repo cfh with branches ['converting', 'main']
2025-08-27 23:10:40,282 - INFO - Found repo converting with branches ['main']
2025-08-27 23:10:42,021 - INFO - Found repo my-project-migration with branches ['main']
2025-08-27 23:10:42,021 - INFO - Completed repo listing in 6.98s
2025-08-27 23:10:42,023 - INFO - Restricting scan to branches: ['main']
2025-08-27 23:10:42,024 - INFO - Scanning repo cfh
2025-08-27 23:11:48,040 - WARNING - Timeout scanning cfh after 60s
2025-08-27 23:11:48,040 - INFO - Scanned repo cfh in 66.02s
2025-08-27 23:11:48,041 - INFO - Scanning repo converting
2025-08-27 23:11:49,763 - INFO - Scanned repo converting in 1.72s
2025-08-27 23:11:49,763 - INFO - Scanning repo my-project-migration
2025-08-27 23:12:15,206 - INFO - Scanned repo my-project-migration in 25.44s
2025-08-27 23:12:15,269 - INFO - Saved inventory cache to reports\inventory_cache_e74e64b3.json
2025-08-27 23:12:15,269 - INFO - Completed fetch_candidates in 100.67s
2025-08-27 23:12:15,271 - INFO - Starting process_batch for run_id e74e64b3
2025-08-27 23:12:15,271 - INFO - Generating error summary for run_id e74e64b3
2025-08-27 23:12:15,271 - INFO - Completed process_batch for run_id e74e64b3
INFO:     127.0.0.1:64777 - "POST /run-one?branches=main&org=carfinancinghub&batch_limit=100&root=C%3A%5CBackup_Projects%5CCFH%5Cfrontend&prompt_key=convert&tier=wow&platform=github HTTP/1.1" 200 OK
2025-08-27 23:14:45,599 - INFO - Starting fetch_candidates for run_id b3d7360d
2025-08-27 23:14:45,600 - INFO - Using path prefix filter(s): ['frontend/', 'backend/']
2025-08-27 23:14:45,600 - INFO - Scanning root directory: C:\Backup_Projects\CFH\frontend
2025-08-27 23:14:46,039 - INFO - Listing repos for user carfinancinghub on github
2025-08-27 23:14:49,320 - INFO - Found repo cfh with branches ['converting', 'main']
2025-08-27 23:14:51,159 - INFO - Found repo converting with branches ['main']
2025-08-27 23:14:53,006 - INFO - Found repo my-project-migration with branches ['main']
2025-08-27 23:14:53,006 - INFO - Completed repo listing in 6.97s
2025-08-27 23:14:53,009 - INFO - Restricting scan to branches: ['main']
2025-08-27 23:14:53,010 - INFO - Scanning repo cfh
2025-08-27 23:15:57,095 - WARNING - Timeout scanning cfh after 60s
2025-08-27 23:15:57,096 - INFO - Scanned repo cfh in 64.09s
2025-08-27 23:15:57,096 - INFO - Scanning repo converting
2025-08-27 23:15:58,869 - INFO - Scanned repo converting in 1.77s
2025-08-27 23:15:58,869 - INFO - Scanning repo my-project-migration
2025-08-27 23:16:26,086 - INFO - Scanned repo my-project-migration in 27.22s
2025-08-27 23:16:26,134 - INFO - Saved inventory cache to reports\inventory_cache_b3d7360d.json
2025-08-27 23:16:26,134 - INFO - Completed fetch_candidates in 100.53s
2025-08-27 23:16:26,135 - INFO - Starting process_batch for run_id b3d7360d
2025-08-27 23:16:26,135 - INFO - Generating error summary for run_id b3d7360d
2025-08-27 23:16:26,135 - INFO - Completed process_batch for run_id b3d7360d
INFO:     127.0.0.1:64919 - "POST /run-one?branches=main&org=carfinancinghub&batch_limit=100&root=C%3A%5CBackup_Projects%5CCFH%5Cfrontend&prompt_key=convert&tier=wow&platform=github HTTP/1.1" 200 OK
Traceback (most recent call last):
  File "<frozen runpy>", line 198, in _run_module_as_main
  File "<frozen runpy>", line 88, in _run_code
  File "C:\Users\Agasi5\AppData\Roaming\Python\Python313\site-packages\uvicorn\__main__.py", line 4, in <module>
    uvicorn.main()
    ~~~~~~~~~~~~^^
  File "C:\Users\Agasi5\AppData\Roaming\Python\Python313\site-packages\click\core.py", line 1442, in __call__
    return self.main(*args, **kwargs)
           ~~~~~~~~~^^^^^^^^^^^^^^^^^
  File "C:\Users\Agasi5\AppData\Roaming\Python\Python313\site-packages\click\core.py", line 1363, in main
    rv = self.invoke(ctx)
  File "C:\Users\Agasi5\AppData\Roaming\Python\Python313\site-packages\click\core.py", line 1226, in invoke
    return ctx.invoke(self.callback, **ctx.params)
           ~~~~~~~~~~^^^^^^^^^^^^^^^^^^^^^^^^^^^^^
  File "C:\Users\Agasi5\AppData\Roaming\Python\Python313\site-packages\click\core.py", line 794, in invoke
    return callback(*args, **kwargs)
  File "C:\Users\Agasi5\AppData\Roaming\Python\Python313\site-packages\uvicorn\main.py", line 413, in main
    run(
    ~~~^
        app,
        ^^^^
    ...<45 lines>...
        h11_max_incomplete_event_size=h11_max_incomplete_event_size,
        ^^^^^^^^^^^^^^^^^^^^^^^^^^^^^^^^^^^^^^^^^^^^^^^^^^^^^^^^^^^^
    )
    ^
  File "C:\Users\Agasi5\AppData\Roaming\Python\Python313\site-packages\uvicorn\main.py", line 580, in run
    server.run()
    ~~~~~~~~~~^^
  File "C:\Users\Agasi5\AppData\Roaming\Python\Python313\site-packages\uvicorn\server.py", line 67, in run
    return asyncio.run(self.serve(sockets=sockets))
           ~~~~~~~~~~~^^^^^^^^^^^^^^^^^^^^^^^^^^^^^
  File "C:\Python313\Lib\asyncio\runners.py", line 194, in run
    return runner.run(main)
           ~~~~~~~~~~^^^^^^
  File "C:\Python313\Lib\asyncio\runners.py", line 118, in run
    return self._loop.run_until_complete(task)
           ~~~~~~~~~~~~~~~~~~~~~~~~~~~~~^^^^^^
  File "C:\Python313\Lib\asyncio\base_events.py", line 720, in run_until_complete
    return future.result()
           ~~~~~~~~~~~~~^^
  File "C:\Users\Agasi5\AppData\Roaming\Python\Python313\site-packages\uvicorn\server.py", line 71, in serve
    await self._serve(sockets)
  File "C:\Users\Agasi5\AppData\Roaming\Python\Python313\site-packages\uvicorn\server.py", line 78, in _serve
    config.load()
    ~~~~~~~~~~~^^
  File "C:\Users\Agasi5\AppData\Roaming\Python\Python313\site-packages\uvicorn\config.py", line 436, in load
    self.loaded_app = import_from_string(self.app)
                      ~~~~~~~~~~~~~~~~~~^^^^^^^^^^
  File "C:\Users\Agasi5\AppData\Roaming\Python\Python313\site-packages\uvicorn\importer.py", line 19, in import_from_string
    module = importlib.import_module(module_str)
  File "C:\Python313\Lib\importlib\__init__.py", line 88, in import_module
    return _bootstrap._gcd_import(name[level:], package, level)
           ~~~~~~~~~~~~~~~~~~~~~~^^^^^^^^^^^^^^^^^^^^^^^^^^^^^^
  File "<frozen importlib._bootstrap>", line 1387, in _gcd_import
  File "<frozen importlib._bootstrap>", line 1360, in _find_and_load
  File "<frozen importlib._bootstrap>", line 1331, in _find_and_load_unlocked
  File "<frozen importlib._bootstrap>", line 935, in _load_unlocked
  File "<frozen importlib._bootstrap_external>", line 1026, in exec_module
  File "<frozen importlib._bootstrap>", line 488, in _call_with_frames_removed
  File "C:\c\ai-orchestrator\app\main.py", line 3, in <module>
    from api.routes import router as api_router
ImportError: cannot import name 'router' from 'api.routes' (C:\c\ai-orchestrator\api\routes.py). Did you mean: 'routes'?
INFO:     Started server process [62316]
INFO:     Waiting for application startup.
INFO:     Application startup complete.
INFO:     Uvicorn running on http://127.0.0.1:8020 (Press CTRL+C to quit)
INFO:     127.0.0.1:50077 - "GET /healthz HTTP/1.1" 200 OK
INFO:     127.0.0.1:50093 - "GET /health HTTP/1.1" 200 OK
INFO:     127.0.0.1:50093 - "GET /healthz HTTP/1.1" 200 OK
2025-08-27 23:34:33,081 - INFO - Starting fetch_candidates for run_id d3d7b287
2025-08-27 23:34:33,081 - INFO - Using path prefix filter(s): ['frontend/', 'backend/']
2025-08-27 23:34:33,082 - INFO - Scanning root directory: C:\Backup_Projects\CFH\frontend
2025-08-27 23:34:33,520 - INFO - Listing repos for user carfinancinghub on github
2025-08-27 23:34:37,359 - INFO - Found repo cfh with branches ['converting', 'main']
2025-08-27 23:34:39,099 - INFO - Found repo converting with branches ['main']
2025-08-27 23:34:40,853 - INFO - Found repo my-project-migration with branches ['main']
2025-08-27 23:34:40,853 - INFO - Completed repo listing in 7.33s
2025-08-27 23:34:40,856 - INFO - Restricting scan to branches: ['main']
2025-08-27 23:34:40,856 - INFO - Scanning repo cfh
2025-08-27 23:35:45,899 - WARNING - Timeout scanning cfh after 60s
2025-08-27 23:35:45,900 - INFO - Scanned repo cfh in 65.04s
2025-08-27 23:35:45,900 - INFO - Scanning repo converting
2025-08-27 23:35:47,743 - INFO - Scanned repo converting in 1.84s
2025-08-27 23:35:47,743 - INFO - Scanning repo my-project-migration
2025-08-27 23:36:12,282 - INFO - Scanned repo my-project-migration in 24.54s
2025-08-27 23:36:12,309 - INFO - Saved inventory cache to reports\inventory_cache_d3d7b287.json
2025-08-27 23:36:12,309 - INFO - Completed fetch_candidates in 99.23s
2025-08-27 23:36:12,310 - INFO - Starting process_batch for run_id d3d7b287
2025-08-27 23:36:12,310 - INFO - Generating error summary for run_id d3d7b287
2025-08-27 23:36:12,310 - INFO - Completed process_batch for run_id d3d7b287
INFO:     127.0.0.1:50096 - "POST /run-one?org=carfinancinghub&tier=wow&branches=main&batch_limit=100&batch_offset=0&platform=github&prompt_key=convert&root=C%3A%5CBackup_Projects%5CCFH%5Cfrontend HTTP/1.1" 200 OK
2025-08-27 23:51:23,701 - INFO - Starting fetch_candidates for run_id 87d1f2c8
2025-08-27 23:51:23,701 - INFO - Using path prefix filter(s): ['frontend/', 'backend/']
2025-08-27 23:51:23,702 - INFO - Scanning root directory: C:\Backup_Projects\CFH\frontend
2025-08-27 23:51:24,162 - INFO - Listing repos for user carfinancinghub on github
2025-08-27 23:51:27,047 - INFO - Found repo cfh with branches ['converting', 'main']
2025-08-27 23:51:28,616 - INFO - Found repo converting with branches ['main']
2025-08-27 23:51:30,170 - INFO - Found repo my-project-migration with branches ['main']
2025-08-27 23:51:30,170 - INFO - Completed repo listing in 6.01s
2025-08-27 23:51:30,173 - INFO - Restricting scan to branches: ['main']
2025-08-27 23:51:30,173 - INFO - Scanning repo cfh
2025-08-27 23:52:34,299 - WARNING - Timeout scanning cfh after 60s
2025-08-27 23:52:34,300 - INFO - Scanned repo cfh in 64.13s
2025-08-27 23:52:34,300 - INFO - Scanning repo converting
2025-08-27 23:52:36,318 - INFO - Scanned repo converting in 2.02s
2025-08-27 23:52:36,318 - INFO - Scanning repo my-project-migration
2025-08-27 23:53:00,004 - INFO - Scanned repo my-project-migration in 23.69s
2025-08-27 23:53:00,043 - INFO - Saved inventory cache to reports\inventory_cache_87d1f2c8.json
2025-08-27 23:53:00,043 - INFO - Completed fetch_candidates in 96.34s
2025-08-27 23:53:00,044 - INFO - Starting process_batch for run_id 87d1f2c8
2025-08-27 23:53:00,044 - INFO - Generating error summary for run_id 87d1f2c8
2025-08-27 23:53:00,044 - INFO - Completed process_batch for run_id 87d1f2c8
INFO:     127.0.0.1:65258 - "POST /run-one?org=carfinancinghub&tier=wow&branches=main&batch_limit=100&batch_offset=100&platform=github&prompt_key=convert&root=C%3A%5CBackup_Projects%5CCFH%5Cfrontend HTTP/1.1" 200 OK
2025-08-27 23:53:00,050 - INFO - Starting fetch_candidates for run_id 4f3b6a8d
2025-08-27 23:53:00,050 - INFO - Using path prefix filter(s): ['frontend/', 'backend/']
2025-08-27 23:53:00,051 - INFO - Scanning root directory: C:\Backup_Projects\CFH\frontend
2025-08-27 23:53:00,483 - INFO - Listing repos for user carfinancinghub on github
2025-08-27 23:53:03,176 - INFO - Found repo cfh with branches ['converting', 'main']
2025-08-27 23:53:04,709 - INFO - Found repo converting with branches ['main']
2025-08-27 23:53:06,553 - INFO - Found repo my-project-migration with branches ['main']
2025-08-27 23:53:06,553 - INFO - Completed repo listing in 6.07s
2025-08-27 23:53:06,554 - INFO - Restricting scan to branches: ['main']
2025-08-27 23:53:06,554 - INFO - Scanning repo cfh
2025-08-27 23:54:12,090 - WARNING - Timeout scanning cfh after 60s
2025-08-27 23:54:12,091 - INFO - Scanned repo cfh in 65.54s
2025-08-27 23:54:12,091 - INFO - Scanning repo converting
2025-08-27 23:54:14,261 - INFO - Scanned repo converting in 2.17s
2025-08-27 23:54:14,261 - INFO - Scanning repo my-project-migration
2025-08-27 23:54:41,172 - INFO - Scanned repo my-project-migration in 26.91s
2025-08-27 23:54:41,206 - INFO - Saved inventory cache to reports\inventory_cache_4f3b6a8d.json
2025-08-27 23:54:41,206 - INFO - Completed fetch_candidates in 101.16s
2025-08-27 23:54:41,207 - INFO - Starting process_batch for run_id 4f3b6a8d
2025-08-27 23:54:41,207 - INFO - Generating error summary for run_id 4f3b6a8d
2025-08-27 23:54:41,207 - INFO - Completed process_batch for run_id 4f3b6a8d
INFO:     127.0.0.1:65258 - "POST /run-one?org=carfinancinghub&tier=wow&branches=main&batch_limit=100&batch_offset=200&platform=github&prompt_key=convert&root=C%3A%5CBackup_Projects%5CCFH%5Cfrontend HTTP/1.1" 200 OK
2025-08-27 23:54:41,211 - INFO - Starting fetch_candidates for run_id 23f272ad
2025-08-27 23:54:41,211 - INFO - Using path prefix filter(s): ['frontend/', 'backend/']
2025-08-27 23:54:41,211 - INFO - Scanning root directory: C:\Backup_Projects\CFH\frontend
2025-08-27 23:54:41,652 - INFO - Listing repos for user carfinancinghub on github
2025-08-27 23:54:44,655 - INFO - Found repo cfh with branches ['converting', 'main']
2025-08-27 23:54:46,701 - INFO - Found repo converting with branches ['main']
2025-08-27 23:54:48,545 - INFO - Found repo my-project-migration with branches ['main']
2025-08-27 23:54:48,545 - INFO - Completed repo listing in 6.89s
2025-08-27 23:54:48,548 - INFO - Restricting scan to branches: ['main']
2025-08-27 23:54:48,548 - INFO - Scanning repo cfh
2025-08-27 23:55:54,182 - WARNING - Timeout scanning cfh after 60s
2025-08-27 23:55:54,183 - INFO - Scanned repo cfh in 65.63s
2025-08-27 23:55:54,183 - INFO - Scanning repo converting
2025-08-27 23:55:56,247 - INFO - Scanned repo converting in 2.06s
2025-08-27 23:55:56,247 - INFO - Scanning repo my-project-migration
2025-08-27 23:56:23,265 - INFO - Scanned repo my-project-migration in 27.02s
2025-08-27 23:56:23,319 - INFO - Saved inventory cache to reports\inventory_cache_23f272ad.json
2025-08-27 23:56:23,319 - INFO - Completed fetch_candidates in 102.11s
2025-08-27 23:56:23,320 - INFO - Starting process_batch for run_id 23f272ad
2025-08-27 23:56:23,320 - INFO - Generating error summary for run_id 23f272ad
2025-08-27 23:56:23,321 - INFO - Completed process_batch for run_id 23f272ad
INFO:     127.0.0.1:65258 - "POST /run-one?org=carfinancinghub&tier=wow&branches=main&batch_limit=100&batch_offset=300&platform=github&prompt_key=convert&root=C%3A%5CBackup_Projects%5CCFH%5Cfrontend HTTP/1.1" 200 OK
2025-08-27 23:56:23,327 - INFO - Starting fetch_candidates for run_id b9c2fb21
2025-08-27 23:56:23,327 - INFO - Using path prefix filter(s): ['frontend/', 'backend/']
2025-08-27 23:56:23,328 - INFO - Scanning root directory: C:\Backup_Projects\CFH\frontend
2025-08-27 23:56:23,783 - INFO - Listing repos for user carfinancinghub on github
2025-08-27 23:56:27,156 - INFO - Found repo cfh with branches ['converting', 'main']
2025-08-27 23:56:28,991 - INFO - Found repo converting with branches ['main']
2025-08-27 23:56:30,599 - INFO - Found repo my-project-migration with branches ['main']
2025-08-27 23:56:30,600 - INFO - Completed repo listing in 6.82s
2025-08-27 23:56:30,603 - INFO - Restricting scan to branches: ['main']
2025-08-27 23:56:30,603 - INFO - Scanning repo cfh
2025-08-27 23:57:35,569 - WARNING - Timeout scanning cfh after 60s
2025-08-27 23:57:35,570 - INFO - Scanned repo cfh in 64.97s
2025-08-27 23:57:35,570 - INFO - Scanning repo converting
2025-08-27 23:57:37,302 - INFO - Scanned repo converting in 1.73s
2025-08-27 23:57:37,303 - INFO - Scanning repo my-project-migration
2025-08-27 23:58:05,150 - INFO - Scanned repo my-project-migration in 27.85s
2025-08-27 23:58:05,190 - INFO - Saved inventory cache to reports\inventory_cache_b9c2fb21.json
2025-08-27 23:58:05,190 - INFO - Completed fetch_candidates in 101.86s
2025-08-27 23:58:05,191 - INFO - Starting process_batch for run_id b9c2fb21
2025-08-27 23:58:05,191 - INFO - Generating error summary for run_id b9c2fb21
2025-08-27 23:58:05,191 - INFO - Completed process_batch for run_id b9c2fb21
INFO:     127.0.0.1:65258 - "POST /run-one?org=carfinancinghub&tier=wow&branches=main&batch_limit=100&batch_offset=400&platform=github&prompt_key=convert&root=C%3A%5CBackup_Projects%5CCFH%5Cfrontend HTTP/1.1" 200 OK
2025-08-27 23:58:05,198 - INFO - Starting fetch_candidates for run_id faca0a58
2025-08-27 23:58:05,198 - INFO - Using path prefix filter(s): ['frontend/', 'backend/']
2025-08-27 23:58:05,198 - INFO - Scanning root directory: C:\Backup_Projects\CFH\frontend
2025-08-27 23:58:05,664 - INFO - Listing repos for user carfinancinghub on github
2025-08-27 23:58:08,942 - INFO - Found repo cfh with branches ['converting', 'main']
2025-08-27 23:58:10,713 - INFO - Found repo converting with branches ['main']
2025-08-27 23:58:12,627 - INFO - Found repo my-project-migration with branches ['main']
2025-08-27 23:58:12,627 - INFO - Completed repo listing in 6.96s
2025-08-27 23:58:12,630 - INFO - Restricting scan to branches: ['main']
2025-08-27 23:58:12,631 - INFO - Scanning repo cfh
2025-08-27 23:59:18,061 - WARNING - Timeout scanning cfh after 60s
2025-08-27 23:59:18,062 - INFO - Scanned repo cfh in 65.43s
2025-08-27 23:59:18,062 - INFO - Scanning repo converting
2025-08-27 23:59:20,228 - INFO - Scanned repo converting in 2.17s
2025-08-27 23:59:20,228 - INFO - Scanning repo my-project-migration
2025-08-27 23:59:49,294 - INFO - Scanned repo my-project-migration in 29.07s
2025-08-27 23:59:49,327 - INFO - Saved inventory cache to reports\inventory_cache_faca0a58.json
2025-08-27 23:59:49,327 - INFO - Completed fetch_candidates in 104.13s
2025-08-27 23:59:49,328 - INFO - Starting process_batch for run_id faca0a58
2025-08-27 23:59:49,329 - INFO - Generating error summary for run_id faca0a58
2025-08-27 23:59:49,329 - INFO - Completed process_batch for run_id faca0a58
INFO:     127.0.0.1:65258 - "POST /run-one?org=carfinancinghub&tier=wow&branches=main&batch_limit=100&batch_offset=500&platform=github&prompt_key=convert&root=C%3A%5CBackup_Projects%5CCFH%5Cfrontend HTTP/1.1" 200 OK
2025-08-27 23:59:49,333 - INFO - Starting fetch_candidates for run_id d8556dd6
2025-08-27 23:59:49,333 - INFO - Using path prefix filter(s): ['frontend/', 'backend/']
2025-08-27 23:59:49,333 - INFO - Scanning root directory: C:\Backup_Projects\CFH\frontend
2025-08-27 23:59:49,754 - INFO - Listing repos for user carfinancinghub on github
2025-08-27 23:59:52,848 - INFO - Found repo cfh with branches ['converting', 'main']
2025-08-27 23:59:54,618 - INFO - Found repo converting with branches ['main']
2025-08-27 23:59:56,258 - INFO - Found repo my-project-migration with branches ['main']
2025-08-27 23:59:56,258 - INFO - Completed repo listing in 6.50s
2025-08-27 23:59:56,261 - INFO - Restricting scan to branches: ['main']
2025-08-27 23:59:56,261 - INFO - Scanning repo cfh
2025-08-28 00:00:57,388 - WARNING - Timeout scanning cfh after 60s
2025-08-28 00:00:57,388 - INFO - Scanned repo cfh in 61.13s
2025-08-28 00:00:57,389 - INFO - Scanning repo converting
2025-08-28 00:00:59,409 - INFO - Scanned repo converting in 2.02s
2025-08-28 00:00:59,409 - INFO - Scanning repo my-project-migration
2025-08-28 00:01:27,495 - INFO - Scanned repo my-project-migration in 28.09s
2025-08-28 00:01:27,547 - INFO - Saved inventory cache to reports\inventory_cache_d8556dd6.json
2025-08-28 00:01:27,547 - INFO - Completed fetch_candidates in 98.21s
2025-08-28 00:01:27,548 - INFO - Starting process_batch for run_id d8556dd6
2025-08-28 00:01:27,548 - INFO - Generating error summary for run_id d8556dd6
2025-08-28 00:01:27,548 - INFO - Completed process_batch for run_id d8556dd6
2025-08-28 00:04:49,251 - INFO - Starting fetch_candidates for run_id 2cfbda48
2025-08-28 00:04:49,252 - INFO - Using path prefix filter(s): ['frontend/', 'backend/']
2025-08-28 00:04:49,252 - INFO - Scanning root directory: C:\Backup_Projects\CFH\frontend
2025-08-28 00:04:49,770 - INFO - Listing repos for user carfinancinghub on github
2025-08-28 00:04:53,113 - INFO - Found repo cfh with branches ['converting', 'main']
2025-08-28 00:04:54,959 - INFO - Found repo converting with branches ['main']
2025-08-28 00:04:56,799 - INFO - Found repo my-project-migration with branches ['main']
2025-08-28 00:04:56,799 - INFO - Completed repo listing in 7.03s
2025-08-28 00:04:56,802 - INFO - Restricting scan to branches: ['main']
2025-08-28 00:04:56,803 - INFO - Scanning repo cfh
2025-08-28 00:05:58,505 - WARNING - Timeout scanning cfh after 60s
2025-08-28 00:05:58,506 - INFO - Scanned repo cfh in 61.70s
2025-08-28 00:05:58,506 - INFO - Scanning repo converting
2025-08-28 00:06:00,115 - INFO - Scanned repo converting in 1.61s
2025-08-28 00:06:00,115 - INFO - Scanning repo my-project-migration
2025-08-28 00:06:22,914 - INFO - Scanned repo my-project-migration in 22.80s
2025-08-28 00:06:22,940 - INFO - Saved inventory cache to reports\inventory_cache_2cfbda48.json
2025-08-28 00:06:22,941 - INFO - Completed fetch_candidates in 93.69s
2025-08-28 00:06:22,943 - INFO - Starting process_batch for run_id 2cfbda48
2025-08-28 00:06:22,944 - INFO - Generating error summary for run_id 2cfbda48
2025-08-28 00:06:22,944 - INFO - Completed process_batch for run_id 2cfbda48
INFO:     127.0.0.1:54402 - "POST /run-one?org=carfinancinghub&tier=wow&branches=main&batch_limit=100&batch_offset=100&platform=github&prompt_key=convert&root=C%3A%5CBackup_Projects%5CCFH%5Cfrontend HTTP/1.1" 200 OK
2025-08-28 00:06:22,956 - INFO - Starting fetch_candidates for run_id 84e62bf8
2025-08-28 00:06:22,956 - INFO - Using path prefix filter(s): ['frontend/', 'backend/']
2025-08-28 00:06:22,956 - INFO - Scanning root directory: C:\Backup_Projects\CFH\frontend
2025-08-28 00:06:23,428 - INFO - Listing repos for user carfinancinghub on github
2025-08-28 00:06:26,219 - INFO - Found repo cfh with branches ['converting', 'main']
2025-08-28 00:06:27,778 - INFO - Found repo converting with branches ['main']
2025-08-28 00:06:29,309 - INFO - Found repo my-project-migration with branches ['main']
2025-08-28 00:06:29,309 - INFO - Completed repo listing in 5.88s
2025-08-28 00:06:29,310 - INFO - Restricting scan to branches: ['main']
2025-08-28 00:06:29,310 - INFO - Scanning repo cfh
2025-08-28 00:07:31,069 - WARNING - Timeout scanning cfh after 60s
2025-08-28 00:07:31,069 - INFO - Scanned repo cfh in 61.76s
2025-08-28 00:07:31,069 - INFO - Scanning repo converting
2025-08-28 00:07:33,166 - INFO - Scanned repo converting in 2.10s
2025-08-28 00:07:33,166 - INFO - Scanning repo my-project-migration
2025-08-28 00:08:00,729 - INFO - Scanned repo my-project-migration in 27.56s
2025-08-28 00:08:00,774 - INFO - Saved inventory cache to reports\inventory_cache_84e62bf8.json
2025-08-28 00:08:00,774 - INFO - Completed fetch_candidates in 97.82s
2025-08-28 00:08:00,775 - INFO - Starting process_batch for run_id 84e62bf8
2025-08-28 00:08:00,775 - INFO - Generating error summary for run_id 84e62bf8
2025-08-28 00:08:00,775 - INFO - Completed process_batch for run_id 84e62bf8
INFO:     127.0.0.1:54402 - "POST /run-one?org=carfinancinghub&tier=wow&branches=main&batch_limit=100&batch_offset=200&platform=github&prompt_key=convert&root=C%3A%5CBackup_Projects%5CCFH%5Cfrontend HTTP/1.1" 200 OK
2025-08-28 00:08:00,780 - INFO - Starting fetch_candidates for run_id 7fa835cf
2025-08-28 00:08:00,780 - INFO - Using path prefix filter(s): ['frontend/', 'backend/']
2025-08-28 00:08:00,781 - INFO - Scanning root directory: C:\Backup_Projects\CFH\frontend
2025-08-28 00:08:01,224 - INFO - Listing repos for user carfinancinghub on github
2025-08-28 00:08:05,216 - INFO - Found repo cfh with branches ['converting', 'main']
2025-08-28 00:08:07,061 - INFO - Found repo converting with branches ['main']
2025-08-28 00:08:09,415 - INFO - Found repo my-project-migration with branches ['main']
2025-08-28 00:08:09,415 - INFO - Completed repo listing in 8.19s
2025-08-28 00:08:09,418 - INFO - Restricting scan to branches: ['main']
2025-08-28 00:08:09,418 - INFO - Scanning repo cfh
2025-08-28 00:09:14,850 - WARNING - Timeout scanning cfh after 60s
2025-08-28 00:09:14,850 - INFO - Scanned repo cfh in 65.43s
2025-08-28 00:09:14,851 - INFO - Scanning repo converting
2025-08-28 00:09:16,543 - INFO - Scanned repo converting in 1.69s
2025-08-28 00:09:16,543 - INFO - Scanning repo my-project-migration
2025-08-28 00:09:42,663 - INFO - Scanned repo my-project-migration in 26.12s
2025-08-28 00:09:42,715 - INFO - Saved inventory cache to reports\inventory_cache_7fa835cf.json
2025-08-28 00:09:42,715 - INFO - Completed fetch_candidates in 101.93s
2025-08-28 00:09:42,716 - INFO - Starting process_batch for run_id 7fa835cf
2025-08-28 00:09:42,716 - INFO - Generating error summary for run_id 7fa835cf
2025-08-28 00:09:42,717 - INFO - Completed process_batch for run_id 7fa835cf
INFO:     127.0.0.1:54402 - "POST /run-one?org=carfinancinghub&tier=wow&branches=main&batch_limit=100&batch_offset=300&platform=github&prompt_key=convert&root=C%3A%5CBackup_Projects%5CCFH%5Cfrontend HTTP/1.1" 200 OK
2025-08-28 00:09:42,725 - INFO - Starting fetch_candidates for run_id 881b4f78
2025-08-28 00:09:42,725 - INFO - Using path prefix filter(s): ['frontend/', 'backend/']
2025-08-28 00:09:42,726 - INFO - Scanning root directory: C:\Backup_Projects\CFH\frontend
2025-08-28 00:09:43,158 - INFO - Listing repos for user carfinancinghub on github
2025-08-28 00:09:46,695 - INFO - Found repo cfh with branches ['converting', 'main']
2025-08-28 00:09:48,643 - INFO - Found repo converting with branches ['main']
2025-08-28 00:09:50,487 - INFO - Found repo my-project-migration with branches ['main']
2025-08-28 00:09:50,488 - INFO - Completed repo listing in 7.33s
2025-08-28 00:09:50,491 - INFO - Restricting scan to branches: ['main']
2025-08-28 00:09:50,491 - INFO - Scanning repo cfh
2025-08-28 00:10:58,885 - WARNING - Timeout scanning cfh after 60s
2025-08-28 00:10:58,885 - INFO - Scanned repo cfh in 68.39s
2025-08-28 00:10:58,885 - INFO - Scanning repo converting
2025-08-28 00:11:01,086 - INFO - Scanned repo converting in 2.20s
2025-08-28 00:11:01,086 - INFO - Scanning repo my-project-migration
2025-08-28 00:11:28,948 - INFO - Scanned repo my-project-migration in 27.86s
2025-08-28 00:11:28,991 - INFO - Saved inventory cache to reports\inventory_cache_881b4f78.json
2025-08-28 00:11:28,991 - INFO - Completed fetch_candidates in 106.27s
2025-08-28 00:11:28,992 - INFO - Starting process_batch for run_id 881b4f78
2025-08-28 00:11:28,993 - INFO - Generating error summary for run_id 881b4f78
2025-08-28 00:11:28,993 - INFO - Completed process_batch for run_id 881b4f78
INFO:     127.0.0.1:54402 - "POST /run-one?org=carfinancinghub&tier=wow&branches=main&batch_limit=100&batch_offset=400&platform=github&prompt_key=convert&root=C%3A%5CBackup_Projects%5CCFH%5Cfrontend HTTP/1.1" 200 OK
2025-08-28 00:11:28,998 - INFO - Starting fetch_candidates for run_id 6df29266
2025-08-28 00:11:28,998 - INFO - Using path prefix filter(s): ['frontend/', 'backend/']
2025-08-28 00:11:28,998 - INFO - Scanning root directory: C:\Backup_Projects\CFH\frontend
2025-08-28 00:11:29,422 - INFO - Listing repos for user carfinancinghub on github
2025-08-28 00:11:32,576 - INFO - Found repo cfh with branches ['converting', 'main']
2025-08-28 00:11:34,422 - INFO - Found repo converting with branches ['main']
2025-08-28 00:11:36,268 - INFO - Found repo my-project-migration with branches ['main']
2025-08-28 00:11:36,268 - INFO - Completed repo listing in 6.85s
2025-08-28 00:11:36,271 - INFO - Restricting scan to branches: ['main']
2025-08-28 00:11:36,272 - INFO - Scanning repo cfh
2025-08-28 00:12:43,516 - WARNING - Timeout scanning cfh after 60s
2025-08-28 00:12:43,516 - INFO - Scanned repo cfh in 67.24s
2025-08-28 00:12:43,516 - INFO - Scanning repo converting
2025-08-28 00:12:45,598 - INFO - Scanned repo converting in 2.08s
2025-08-28 00:12:45,598 - INFO - Scanning repo my-project-migration
2025-08-28 00:13:13,953 - INFO - Scanned repo my-project-migration in 28.35s
2025-08-28 00:13:14,016 - INFO - Saved inventory cache to reports\inventory_cache_6df29266.json
2025-08-28 00:13:14,016 - INFO - Completed fetch_candidates in 105.02s
2025-08-28 00:13:14,018 - INFO - Starting process_batch for run_id 6df29266
2025-08-28 00:13:14,018 - INFO - Generating error summary for run_id 6df29266
2025-08-28 00:13:14,019 - INFO - Completed process_batch for run_id 6df29266
INFO:     127.0.0.1:54402 - "POST /run-one?org=carfinancinghub&tier=wow&branches=main&batch_limit=100&batch_offset=500&platform=github&prompt_key=convert&root=C%3A%5CBackup_Projects%5CCFH%5Cfrontend HTTP/1.1" 200 OK
2025-08-28 00:13:14,025 - INFO - Starting fetch_candidates for run_id cd6e94c7
2025-08-28 00:13:14,025 - INFO - Using path prefix filter(s): ['frontend/', 'backend/']
2025-08-28 00:13:14,025 - INFO - Scanning root directory: C:\Backup_Projects\CFH\frontend
2025-08-28 00:13:14,496 - INFO - Listing repos for user carfinancinghub on github
2025-08-28 00:13:17,845 - INFO - Found repo cfh with branches ['converting', 'main']
2025-08-28 00:13:19,790 - INFO - Found repo converting with branches ['main']
2025-08-28 00:13:21,417 - INFO - Found repo my-project-migration with branches ['main']
2025-08-28 00:13:21,417 - INFO - Completed repo listing in 6.92s
2025-08-28 00:13:21,420 - INFO - Restricting scan to branches: ['main']
2025-08-28 00:13:21,421 - INFO - Scanning repo cfh
2025-08-28 00:14:28,710 - WARNING - Timeout scanning cfh after 60s
2025-08-28 00:14:28,710 - INFO - Scanned repo cfh in 67.29s
2025-08-28 00:14:28,710 - INFO - Scanning repo converting
2025-08-28 00:14:30,409 - INFO - Scanned repo converting in 1.70s
2025-08-28 00:14:30,409 - INFO - Scanning repo my-project-migration
2025-08-28 00:14:58,920 - INFO - Scanned repo my-project-migration in 28.51s
2025-08-28 00:14:58,974 - INFO - Saved inventory cache to reports\inventory_cache_cd6e94c7.json
2025-08-28 00:14:58,974 - INFO - Completed fetch_candidates in 104.95s
2025-08-28 00:14:58,976 - INFO - Starting process_batch for run_id cd6e94c7
2025-08-28 00:14:58,976 - INFO - Generating error summary for run_id cd6e94c7
2025-08-28 00:14:58,977 - INFO - Completed process_batch for run_id cd6e94c7
INFO:     127.0.0.1:54402 - "POST /run-one?org=carfinancinghub&tier=wow&branches=main&batch_limit=100&batch_offset=600&platform=github&prompt_key=convert&root=C%3A%5CBackup_Projects%5CCFH%5Cfrontend HTTP/1.1" 200 OK
2025-08-28 09:46:23,848 - INFO - Starting fetch_candidates for run_id 229c62df
2025-08-28 09:46:23,848 - INFO - Using path prefix filter(s): ['frontend/', 'backend/']
2025-08-28 09:46:23,849 - INFO - Scanning root directory: C:\Backup_Projects\CFH\frontend
2025-08-28 09:46:24,307 - INFO - Listing repos for user carfinancinghub on github
2025-08-28 09:46:27,698 - INFO - Found repo cfh with branches ['converting', 'main']
2025-08-28 09:46:29,689 - INFO - Found repo converting with branches ['main']
2025-08-28 09:46:31,427 - INFO - Found repo my-project-migration with branches ['main']
2025-08-28 09:46:31,428 - INFO - Completed repo listing in 7.12s
2025-08-28 09:46:31,430 - INFO - Restricting scan to branches: ['main']
2025-08-28 09:46:31,431 - INFO - Scanning repo cfh
INFO:     127.0.0.1:49740 - "GET /healthz HTTP/1.1" 200 OK
2025-08-28 09:47:40,170 - WARNING - Timeout scanning cfh after 60s
2025-08-28 09:47:40,170 - INFO - Scanned repo cfh in 68.74s
2025-08-28 09:47:40,171 - INFO - Scanning repo converting
2025-08-28 09:47:41,983 - INFO - Scanned repo converting in 1.81s
2025-08-28 09:47:41,983 - INFO - Scanning repo my-project-migration
2025-08-28 09:48:08,810 - INFO - Scanned repo my-project-migration in 26.83s
2025-08-28 09:48:08,867 - INFO - Saved inventory cache to reports\inventory_cache_229c62df.json
2025-08-28 09:48:08,867 - INFO - Completed fetch_candidates in 105.02s
2025-08-28 09:48:08,869 - INFO - Starting process_batch for run_id 229c62df
2025-08-28 09:48:08,869 - INFO - Generating error summary for run_id 229c62df
2025-08-28 09:48:08,870 - INFO - Completed process_batch for run_id 229c62df
INFO:     127.0.0.1:54829 - "POST /run-one?org=carfinancinghub&tier=wow&branches=main&batch_limit=100&batch_offset=100&platform=github&prompt_key=convert&root=C%3A%5CBackup_Projects%5CCFH%5Cfrontend HTTP/1.1" 200 OK
2025-08-28 09:48:08,883 - INFO - Starting fetch_candidates for run_id fc47ebdf
2025-08-28 09:48:08,883 - INFO - Using path prefix filter(s): ['frontend/', 'backend/']
2025-08-28 09:48:08,883 - INFO - Scanning root directory: C:\Backup_Projects\CFH\frontend
2025-08-28 09:48:09,327 - INFO - Listing repos for user carfinancinghub on github
2025-08-28 09:48:12,772 - INFO - Found repo cfh with branches ['converting', 'main']
2025-08-28 09:48:14,749 - INFO - Found repo converting with branches ['main']
2025-08-28 09:48:16,695 - INFO - Found repo my-project-migration with branches ['main']
2025-08-28 09:48:16,696 - INFO - Completed repo listing in 7.37s
2025-08-28 09:48:16,698 - INFO - Restricting scan to branches: ['main']
2025-08-28 09:48:16,699 - INFO - Scanning repo cfh
2025-08-28 09:49:22,170 - WARNING - Timeout scanning cfh after 60s
2025-08-28 09:49:22,170 - INFO - Scanned repo cfh in 65.47s
2025-08-28 09:49:22,171 - INFO - Scanning repo converting
2025-08-28 09:49:23,919 - INFO - Scanned repo converting in 1.75s
2025-08-28 09:49:23,919 - INFO - Scanning repo my-project-migration
2025-08-28 09:49:50,013 - INFO - Scanned repo my-project-migration in 26.09s
2025-08-28 09:49:50,054 - INFO - Saved inventory cache to reports\inventory_cache_fc47ebdf.json
2025-08-28 09:49:50,054 - INFO - Completed fetch_candidates in 101.17s
2025-08-28 09:49:50,055 - INFO - Starting process_batch for run_id fc47ebdf
2025-08-28 09:49:50,055 - INFO - Generating error summary for run_id fc47ebdf
2025-08-28 09:49:50,056 - INFO - Completed process_batch for run_id fc47ebdf
INFO:     127.0.0.1:54829 - "POST /run-one?org=carfinancinghub&tier=wow&branches=main&batch_limit=100&batch_offset=200&platform=github&prompt_key=convert&root=C%3A%5CBackup_Projects%5CCFH%5Cfrontend HTTP/1.1" 200 OK
2025-08-28 09:49:50,062 - INFO - Starting fetch_candidates for run_id 373a0b40
2025-08-28 09:49:50,062 - INFO - Using path prefix filter(s): ['frontend/', 'backend/']
2025-08-28 09:49:50,063 - INFO - Scanning root directory: C:\Backup_Projects\CFH\frontend
2025-08-28 09:49:50,627 - INFO - Listing repos for user carfinancinghub on github
2025-08-28 09:49:53,541 - INFO - Found repo cfh with branches ['converting', 'main']
2025-08-28 09:49:55,256 - INFO - Found repo converting with branches ['main']
2025-08-28 09:49:56,843 - INFO - Found repo my-project-migration with branches ['main']
2025-08-28 09:49:56,844 - INFO - Completed repo listing in 6.22s
2025-08-28 09:49:56,846 - INFO - Restricting scan to branches: ['main']
2025-08-28 09:49:56,847 - INFO - Scanning repo cfh
2025-08-28 09:50:57,419 - WARNING - Timeout scanning cfh after 60s
2025-08-28 09:50:57,420 - INFO - Scanned repo cfh in 60.57s
2025-08-28 09:50:57,420 - INFO - Scanning repo converting
2025-08-28 09:50:59,115 - INFO - Scanned repo converting in 1.70s
2025-08-28 09:50:59,115 - INFO - Scanning repo my-project-migration
2025-08-28 09:51:26,544 - INFO - Scanned repo my-project-migration in 27.43s
2025-08-28 09:51:26,580 - INFO - Saved inventory cache to reports\inventory_cache_373a0b40.json
2025-08-28 09:51:26,580 - INFO - Completed fetch_candidates in 96.52s
2025-08-28 09:51:26,581 - INFO - Starting process_batch for run_id 373a0b40
2025-08-28 09:51:26,581 - INFO - Generating error summary for run_id 373a0b40
2025-08-28 09:51:26,581 - INFO - Completed process_batch for run_id 373a0b40
INFO:     127.0.0.1:54829 - "POST /run-one?org=carfinancinghub&tier=wow&branches=main&batch_limit=100&batch_offset=300&platform=github&prompt_key=convert&root=C%3A%5CBackup_Projects%5CCFH%5Cfrontend HTTP/1.1" 200 OK
2025-08-28 09:51:26,586 - INFO - Starting fetch_candidates for run_id 5669fc22
2025-08-28 09:51:26,586 - INFO - Using path prefix filter(s): ['frontend/', 'backend/']
2025-08-28 09:51:26,586 - INFO - Scanning root directory: C:\Backup_Projects\CFH\frontend
2025-08-28 09:51:27,025 - INFO - Listing repos for user carfinancinghub on github
2025-08-28 09:51:30,026 - INFO - Found repo cfh with branches ['converting', 'main']
2025-08-28 09:51:31,683 - INFO - Found repo converting with branches ['main']
2025-08-28 09:51:33,199 - INFO - Found repo my-project-migration with branches ['main']
2025-08-28 09:51:33,200 - INFO - Completed repo listing in 6.18s
2025-08-28 09:51:33,203 - INFO - Restricting scan to branches: ['main']
2025-08-28 09:51:33,203 - INFO - Scanning repo cfh
2025-08-28 09:52:38,224 - WARNING - Timeout scanning cfh after 60s
2025-08-28 09:52:38,224 - INFO - Scanned repo cfh in 65.02s
2025-08-28 09:52:38,224 - INFO - Scanning repo converting
2025-08-28 09:52:40,385 - INFO - Scanned repo converting in 2.16s
2025-08-28 09:52:40,385 - INFO - Scanning repo my-project-migration
2025-08-28 09:53:06,488 - INFO - Scanned repo my-project-migration in 26.10s
2025-08-28 09:53:06,529 - INFO - Saved inventory cache to reports\inventory_cache_5669fc22.json
2025-08-28 09:53:06,529 - INFO - Completed fetch_candidates in 99.94s
2025-08-28 09:53:06,530 - INFO - Starting process_batch for run_id 5669fc22
2025-08-28 09:53:06,530 - INFO - Generating error summary for run_id 5669fc22
2025-08-28 09:53:06,530 - INFO - Completed process_batch for run_id 5669fc22
INFO:     127.0.0.1:54829 - "POST /run-one?org=carfinancinghub&tier=wow&branches=main&batch_limit=100&batch_offset=400&platform=github&prompt_key=convert&root=C%3A%5CBackup_Projects%5CCFH%5Cfrontend HTTP/1.1" 200 OK
2025-08-28 09:53:06,537 - INFO - Starting fetch_candidates for run_id d47ebc5d
2025-08-28 09:53:06,537 - INFO - Using path prefix filter(s): ['frontend/', 'backend/']
2025-08-28 09:53:06,537 - INFO - Scanning root directory: C:\Backup_Projects\CFH\frontend
2025-08-28 09:53:06,987 - INFO - Listing repos for user carfinancinghub on github
2025-08-28 09:53:10,172 - INFO - Found repo cfh with branches ['converting', 'main']
2025-08-28 09:53:12,260 - INFO - Found repo converting with branches ['main']
2025-08-28 09:53:14,065 - INFO - Found repo my-project-migration with branches ['main']
2025-08-28 09:53:14,065 - INFO - Completed repo listing in 7.08s
2025-08-28 09:53:14,070 - INFO - Restricting scan to branches: ['main']
2025-08-28 09:53:14,070 - INFO - Scanning repo cfh
2025-08-28 09:54:15,090 - WARNING - Timeout scanning cfh after 60s
2025-08-28 09:54:15,090 - INFO - Scanned repo cfh in 61.02s
2025-08-28 09:54:15,090 - INFO - Scanning repo converting
2025-08-28 09:54:16,656 - INFO - Scanned repo converting in 1.57s
2025-08-28 09:54:16,656 - INFO - Scanning repo my-project-migration
2025-08-28 09:54:44,277 - INFO - Scanned repo my-project-migration in 27.62s
2025-08-28 09:54:44,304 - INFO - Saved inventory cache to reports\inventory_cache_d47ebc5d.json
2025-08-28 09:54:44,304 - INFO - Completed fetch_candidates in 97.77s
2025-08-28 09:54:44,306 - INFO - Starting process_batch for run_id d47ebc5d
2025-08-28 09:54:44,306 - INFO - Generating error summary for run_id d47ebc5d
2025-08-28 09:54:44,306 - INFO - Completed process_batch for run_id d47ebc5d
INFO:     127.0.0.1:54829 - "POST /run-one?org=carfinancinghub&tier=wow&branches=main&batch_limit=100&batch_offset=500&platform=github&prompt_key=convert&root=C%3A%5CBackup_Projects%5CCFH%5Cfrontend HTTP/1.1" 200 OK
2025-08-28 09:54:44,310 - INFO - Starting fetch_candidates for run_id d27f18ba
2025-08-28 09:54:44,310 - INFO - Using path prefix filter(s): ['frontend/', 'backend/']
2025-08-28 09:54:44,310 - INFO - Scanning root directory: C:\Backup_Projects\CFH\frontend
2025-08-28 09:54:44,784 - INFO - Listing repos for user carfinancinghub on github
2025-08-28 09:54:47,989 - INFO - Found repo cfh with branches ['converting', 'main']
2025-08-28 09:54:49,821 - INFO - Found repo converting with branches ['main']
2025-08-28 09:54:51,976 - INFO - Found repo my-project-migration with branches ['main']
2025-08-28 09:54:51,976 - INFO - Completed repo listing in 7.19s
2025-08-28 09:54:51,977 - INFO - Restricting scan to branches: ['main']
2025-08-28 09:54:51,977 - INFO - Scanning repo cfh
2025-08-28 09:55:58,108 - WARNING - Timeout scanning cfh after 60s
2025-08-28 09:55:58,109 - INFO - Scanned repo cfh in 66.13s
2025-08-28 09:55:58,109 - INFO - Scanning repo converting
2025-08-28 09:56:00,169 - INFO - Scanned repo converting in 2.06s
2025-08-28 09:56:00,169 - INFO - Scanning repo my-project-migration
2025-08-28 09:56:26,884 - INFO - Scanned repo my-project-migration in 26.71s
2025-08-28 09:56:26,944 - INFO - Saved inventory cache to reports\inventory_cache_d27f18ba.json
2025-08-28 09:56:26,944 - INFO - Completed fetch_candidates in 102.63s
2025-08-28 09:56:26,945 - INFO - Starting process_batch for run_id d27f18ba
2025-08-28 09:56:26,945 - INFO - Generating error summary for run_id d27f18ba
2025-08-28 09:56:26,945 - INFO - Completed process_batch for run_id d27f18ba
INFO:     127.0.0.1:54829 - "POST /run-one?org=carfinancinghub&tier=wow&branches=main&batch_limit=100&batch_offset=600&platform=github&prompt_key=convert&root=C%3A%5CBackup_Projects%5CCFH%5Cfrontend HTTP/1.1" 200 OK
2025-08-28 10:00:13,207 - INFO - Starting fetch_candidates for run_id c0510dcd
2025-08-28 10:00:13,207 - INFO - Using path prefix filter(s): ['frontend/', 'backend/']
2025-08-28 10:00:13,208 - INFO - Scanning root directory: C:\Backup_Projects\CFH\frontend
2025-08-28 10:00:13,663 - INFO - Listing repos for user carfinancinghub on github
2025-08-28 10:00:16,898 - INFO - Found repo cfh with branches ['converting', 'main']
2025-08-28 10:00:19,022 - INFO - Found repo converting with branches ['main']
2025-08-28 10:00:20,778 - INFO - Found repo my-project-migration with branches ['main']
2025-08-28 10:00:20,778 - INFO - Completed repo listing in 7.11s
2025-08-28 10:00:20,781 - INFO - Restricting scan to branches: ['main']
2025-08-28 10:00:20,781 - INFO - Scanning repo cfh
2025-08-28 10:01:27,198 - WARNING - Timeout scanning cfh after 60s
2025-08-28 10:01:27,198 - INFO - Scanned repo cfh in 66.42s
2025-08-28 10:01:27,199 - INFO - Scanning repo converting
2025-08-28 10:01:29,593 - INFO - Scanned repo converting in 2.39s
2025-08-28 10:01:29,593 - INFO - Scanning repo my-project-migration
2025-08-28 10:01:57,227 - INFO - Scanned repo my-project-migration in 27.63s
2025-08-28 10:01:57,271 - INFO - Saved inventory cache to reports\inventory_cache_c0510dcd.json
2025-08-28 10:01:57,271 - INFO - Completed fetch_candidates in 104.06s
2025-08-28 10:01:57,272 - INFO - Starting process_batch for run_id c0510dcd
2025-08-28 10:01:57,272 - INFO - Generating error summary for run_id c0510dcd
2025-08-28 10:01:57,273 - INFO - Completed process_batch for run_id c0510dcd
INFO:     127.0.0.1:50076 - "POST /run-one?org=carfinancinghub&tier=wow&branches=main&batch_limit=100&batch_offset=0&platform=github&prompt_key=convert&root=C%3A%5CBackup_Projects%5CCFH%5Cfrontend HTTP/1.1" 200 OK
2025-08-28 10:01:57,276 - INFO - Starting fetch_candidates for run_id a29d50e9
2025-08-28 10:01:57,276 - INFO - Using path prefix filter(s): ['frontend/', 'backend/']
2025-08-28 10:01:57,276 - INFO - Scanning root directory: C:\Backup_Projects\CFH\frontend
2025-08-28 10:01:57,713 - INFO - Listing repos for user carfinancinghub on github
2025-08-28 10:02:01,136 - INFO - Found repo cfh with branches ['converting', 'main']
2025-08-28 10:02:03,090 - INFO - Found repo converting with branches ['main']
2025-08-28 10:02:05,009 - INFO - Found repo my-project-migration with branches ['main']
2025-08-28 10:02:05,010 - INFO - Completed repo listing in 7.30s
2025-08-28 10:02:05,011 - INFO - Restricting scan to branches: ['main']
2025-08-28 10:02:05,011 - INFO - Scanning repo cfh
2025-08-28 10:03:12,075 - WARNING - Timeout scanning cfh after 60s
2025-08-28 10:03:12,075 - INFO - Scanned repo cfh in 67.06s
2025-08-28 10:03:12,075 - INFO - Scanning repo converting
2025-08-28 10:03:14,234 - INFO - Scanned repo converting in 2.16s
2025-08-28 10:03:14,234 - INFO - Scanning repo my-project-migration
2025-08-28 10:03:40,435 - INFO - Scanned repo my-project-migration in 26.20s
2025-08-28 10:03:40,471 - INFO - Saved inventory cache to reports\inventory_cache_a29d50e9.json
2025-08-28 10:03:40,471 - INFO - Completed fetch_candidates in 103.19s
2025-08-28 10:03:40,472 - INFO - Starting process_batch for run_id a29d50e9
2025-08-28 10:03:40,472 - INFO - Generating error summary for run_id a29d50e9
2025-08-28 10:03:40,472 - INFO - Completed process_batch for run_id a29d50e9
INFO:     127.0.0.1:50076 - "POST /run-one?org=carfinancinghub&tier=wow&branches=main&batch_limit=100&batch_offset=100&platform=github&prompt_key=convert&root=C%3A%5CBackup_Projects%5CCFH%5Cfrontend HTTP/1.1" 200 OK
2025-08-28 10:03:40,475 - INFO - Starting fetch_candidates for run_id bba26661
2025-08-28 10:03:40,475 - INFO - Using path prefix filter(s): ['frontend/', 'backend/']
2025-08-28 10:03:40,475 - INFO - Scanning root directory: C:\Backup_Projects\CFH\frontend
2025-08-28 10:03:40,909 - INFO - Listing repos for user carfinancinghub on github
2025-08-28 10:03:44,413 - INFO - Found repo cfh with branches ['converting', 'main']
2025-08-28 10:03:46,271 - INFO - Found repo converting with branches ['main']
2025-08-28 10:03:48,009 - INFO - Found repo my-project-migration with branches ['main']
2025-08-28 10:03:48,009 - INFO - Completed repo listing in 7.10s
2025-08-28 10:03:48,012 - INFO - Restricting scan to branches: ['main']
2025-08-28 10:03:48,013 - INFO - Scanning repo cfh
2025-08-28 10:04:48,461 - WARNING - Timeout scanning cfh after 60s
2025-08-28 10:04:48,461 - INFO - Scanned repo cfh in 60.45s
2025-08-28 10:04:48,461 - INFO - Scanning repo converting
2025-08-28 10:04:50,102 - INFO - Scanned repo converting in 1.64s
2025-08-28 10:04:50,102 - INFO - Scanning repo my-project-migration
2025-08-28 10:05:16,566 - INFO - Scanned repo my-project-migration in 26.46s
2025-08-28 10:05:16,593 - INFO - Saved inventory cache to reports\inventory_cache_bba26661.json
2025-08-28 10:05:16,593 - INFO - Completed fetch_candidates in 96.12s
2025-08-28 10:05:16,594 - INFO - Starting process_batch for run_id bba26661
2025-08-28 10:05:16,595 - INFO - Generating error summary for run_id bba26661
2025-08-28 10:05:16,598 - INFO - Completed process_batch for run_id bba26661
INFO:     127.0.0.1:50076 - "POST /run-one?org=carfinancinghub&tier=wow&branches=main&batch_limit=100&batch_offset=200&platform=github&prompt_key=convert&root=C%3A%5CBackup_Projects%5CCFH%5Cfrontend HTTP/1.1" 200 OK
2025-08-28 10:05:16,600 - INFO - Starting fetch_candidates for run_id 326ef945
2025-08-28 10:05:16,600 - INFO - Using path prefix filter(s): ['frontend/', 'backend/']
2025-08-28 10:05:16,600 - INFO - Scanning root directory: C:\Backup_Projects\CFH\frontend
2025-08-28 10:05:17,020 - INFO - Listing repos for user carfinancinghub on github
2025-08-28 10:05:20,763 - INFO - Found repo cfh with branches ['converting', 'main']
2025-08-28 10:05:22,695 - INFO - Found repo converting with branches ['main']
2025-08-28 10:05:24,464 - INFO - Found repo my-project-migration with branches ['main']
2025-08-28 10:05:24,464 - INFO - Completed repo listing in 7.44s
2025-08-28 10:05:24,465 - INFO - Restricting scan to branches: ['main']
2025-08-28 10:05:24,465 - INFO - Scanning repo cfh
2025-08-28 10:06:27,460 - WARNING - Timeout scanning cfh after 60s
2025-08-28 10:06:27,461 - INFO - Scanned repo cfh in 63.00s
2025-08-28 10:06:27,461 - INFO - Scanning repo converting
2025-08-28 10:06:29,123 - INFO - Scanned repo converting in 1.66s
2025-08-28 10:06:29,123 - INFO - Scanning repo my-project-migration
2025-08-28 10:06:55,566 - INFO - Scanned repo my-project-migration in 26.44s
2025-08-28 10:06:55,593 - INFO - Saved inventory cache to reports\inventory_cache_326ef945.json
2025-08-28 10:06:55,593 - INFO - Completed fetch_candidates in 98.99s
2025-08-28 10:06:55,594 - INFO - Starting process_batch for run_id 326ef945
2025-08-28 10:06:55,594 - INFO - Generating error summary for run_id 326ef945
2025-08-28 10:06:55,595 - INFO - Completed process_batch for run_id 326ef945
INFO:     127.0.0.1:50076 - "POST /run-one?org=carfinancinghub&tier=wow&branches=main&batch_limit=100&batch_offset=300&platform=github&prompt_key=convert&root=C%3A%5CBackup_Projects%5CCFH%5Cfrontend HTTP/1.1" 200 OK
2025-08-28 10:06:55,597 - INFO - Starting fetch_candidates for run_id 2d4acc6b
2025-08-28 10:06:55,597 - INFO - Using path prefix filter(s): ['frontend/', 'backend/']
2025-08-28 10:06:55,597 - INFO - Scanning root directory: C:\Backup_Projects\CFH\frontend
2025-08-28 10:06:56,026 - INFO - Listing repos for user carfinancinghub on github
2025-08-28 10:06:58,941 - INFO - Found repo cfh with branches ['converting', 'main']
2025-08-28 10:07:00,787 - INFO - Found repo converting with branches ['main']
2025-08-28 10:07:02,528 - INFO - Found repo my-project-migration with branches ['main']
2025-08-28 10:07:02,528 - INFO - Completed repo listing in 6.50s
2025-08-28 10:07:02,529 - INFO - Restricting scan to branches: ['main']
2025-08-28 10:07:02,529 - INFO - Scanning repo cfh
2025-08-28 10:08:07,029 - WARNING - Timeout scanning cfh after 60s
2025-08-28 10:08:07,029 - INFO - Scanned repo cfh in 64.50s
2025-08-28 10:08:07,029 - INFO - Scanning repo converting
2025-08-28 10:08:09,013 - INFO - Scanned repo converting in 1.98s
2025-08-28 10:08:09,013 - INFO - Scanning repo my-project-migration
2025-08-28 10:08:35,288 - INFO - Scanned repo my-project-migration in 26.27s
2025-08-28 10:08:35,350 - INFO - Saved inventory cache to reports\inventory_cache_2d4acc6b.json
2025-08-28 10:08:35,350 - INFO - Completed fetch_candidates in 99.75s
2025-08-28 10:08:35,351 - INFO - Starting process_batch for run_id 2d4acc6b
2025-08-28 10:08:35,351 - INFO - Generating error summary for run_id 2d4acc6b
2025-08-28 10:08:35,351 - INFO - Completed process_batch for run_id 2d4acc6b
INFO:     127.0.0.1:50076 - "POST /run-one?org=carfinancinghub&tier=wow&branches=main&batch_limit=100&batch_offset=400&platform=github&prompt_key=convert&root=C%3A%5CBackup_Projects%5CCFH%5Cfrontend HTTP/1.1" 200 OK
2025-08-28 10:08:35,354 - INFO - Starting fetch_candidates for run_id 537d0230
2025-08-28 10:08:35,354 - INFO - Using path prefix filter(s): ['frontend/', 'backend/']
2025-08-28 10:08:35,354 - INFO - Scanning root directory: C:\Backup_Projects\CFH\frontend
2025-08-28 10:08:35,809 - INFO - Listing repos for user carfinancinghub on github
2025-08-28 10:08:39,174 - INFO - Found repo cfh with branches ['converting', 'main']
2025-08-28 10:08:41,017 - INFO - Found repo converting with branches ['main']
2025-08-28 10:08:42,860 - INFO - Found repo my-project-migration with branches ['main']
2025-08-28 10:08:42,860 - INFO - Completed repo listing in 7.05s
2025-08-28 10:08:42,861 - INFO - Restricting scan to branches: ['main']
2025-08-28 10:08:42,861 - INFO - Scanning repo cfh
2025-08-28 10:09:52,898 - WARNING - Timeout scanning cfh after 60s
2025-08-28 10:09:52,898 - INFO - Scanned repo cfh in 70.04s
2025-08-28 10:09:52,898 - INFO - Scanning repo converting
2025-08-28 10:09:54,694 - INFO - Scanned repo converting in 1.80s
2025-08-28 10:09:54,694 - INFO - Scanning repo my-project-migration
2025-08-28 10:10:22,890 - INFO - Scanned repo my-project-migration in 28.20s
2025-08-28 10:10:22,929 - INFO - Saved inventory cache to reports\inventory_cache_537d0230.json
2025-08-28 10:10:22,929 - INFO - Completed fetch_candidates in 107.57s
2025-08-28 10:10:22,930 - INFO - Starting process_batch for run_id 537d0230
2025-08-28 10:10:22,930 - INFO - Generating error summary for run_id 537d0230
2025-08-28 10:10:22,931 - INFO - Completed process_batch for run_id 537d0230
INFO:     127.0.0.1:50076 - "POST /run-one?org=carfinancinghub&tier=wow&branches=main&batch_limit=100&batch_offset=500&platform=github&prompt_key=convert&root=C%3A%5CBackup_Projects%5CCFH%5Cfrontend HTTP/1.1" 200 OK
2025-08-28 10:10:22,933 - INFO - Starting fetch_candidates for run_id 4eb0d4f9
2025-08-28 10:10:22,933 - INFO - Using path prefix filter(s): ['frontend/', 'backend/']
2025-08-28 10:10:22,933 - INFO - Scanning root directory: C:\Backup_Projects\CFH\frontend
2025-08-28 10:10:23,362 - INFO - Listing repos for user carfinancinghub on github
2025-08-28 10:10:26,367 - INFO - Found repo cfh with branches ['converting', 'main']
2025-08-28 10:10:28,211 - INFO - Found repo converting with branches ['main']
2025-08-28 10:10:30,053 - INFO - Found repo my-project-migration with branches ['main']
2025-08-28 10:10:30,053 - INFO - Completed repo listing in 6.69s
2025-08-28 10:10:30,056 - INFO - Restricting scan to branches: ['main']
2025-08-28 10:10:30,056 - INFO - Scanning repo cfh
2025-08-28 10:11:34,656 - WARNING - Timeout scanning cfh after 60s
2025-08-28 10:11:34,656 - INFO - Scanned repo cfh in 64.60s
2025-08-28 10:11:34,656 - INFO - Scanning repo converting
2025-08-28 10:11:36,697 - INFO - Scanned repo converting in 2.04s
2025-08-28 10:11:36,697 - INFO - Scanning repo my-project-migration
2025-08-28 10:12:02,416 - INFO - Scanned repo my-project-migration in 25.72s
2025-08-28 10:12:02,445 - INFO - Saved inventory cache to reports\inventory_cache_4eb0d4f9.json
2025-08-28 10:12:02,445 - INFO - Completed fetch_candidates in 99.51s
2025-08-28 10:12:02,446 - INFO - Starting process_batch for run_id 4eb0d4f9
2025-08-28 10:12:02,446 - INFO - Generating error summary for run_id 4eb0d4f9
2025-08-28 10:12:02,447 - INFO - Completed process_batch for run_id 4eb0d4f9
INFO:     127.0.0.1:50076 - "POST /run-one?org=carfinancinghub&tier=wow&branches=main&batch_limit=100&batch_offset=600&platform=github&prompt_key=convert&root=C%3A%5CBackup_Projects%5CCFH%5Cfrontend HTTP/1.1" 200 OK
